This is pdfTeX, Version 3.14159265-2.6-1.40.20 (TeX Live 2019/Debian) (preloaded format=pdflatex 2020.12.14)  5 AUG 2022 23:21
entering extended mode
 restricted \write18 enabled.
 %&-line parsing enabled.
**manuscript_v2.tex
(./manuscript_v2.tex
LaTeX2e <2020-02-02> patch level 2
L3 programming layer <2020-02-14> (/usr/share/texlive/texmf-dist/tex/latex/elsa
rticle/elsarticle.cls
Document Class: elsarticle 2019/02/25, 3.2: Elsevier Ltd
\@bls=\dimen134
(/usr/share/texlive/texmf-dist/tex/latex/base/article.cls
Document Class: article 2019/12/20 v1.4l Standard LaTeX document class
(/usr/share/texlive/texmf-dist/tex/latex/base/size10.clo
File: size10.clo 2019/12/20 v1.4l Standard LaTeX file (size option)
)
\c@part=\count167
\c@section=\count168
\c@subsection=\count169
\c@subsubsection=\count170
\c@paragraph=\count171
\c@subparagraph=\count172
\c@figure=\count173
\c@table=\count174
\abovecaptionskip=\skip47
\belowcaptionskip=\skip48
\bibindent=\dimen135
) (/usr/share/texlive/texmf-dist/tex/latex/graphics/graphicx.sty
Package: graphicx 2019/11/30 v1.2a Enhanced LaTeX Graphics (DPC,SPQR)
(/usr/share/texlive/texmf-dist/tex/latex/graphics/keyval.sty
Package: keyval 2014/10/28 v1.15 key=value parser (DPC)
\KV@toks@=\toks14
) (/usr/share/texlive/texmf-dist/tex/latex/graphics/graphics.sty
Package: graphics 2019/11/30 v1.4a Standard LaTeX Graphics (DPC,SPQR)
(/usr/share/texlive/texmf-dist/tex/latex/graphics/trig.sty
Package: trig 2016/01/03 v1.10 sin cos tan (DPC)
) (/usr/share/texlive/texmf-dist/tex/latex/graphics-cfg/graphics.cfg
File: graphics.cfg 2016/06/04 v1.11 sample graphics configuration
)
Package graphics Info: Driver file: pdftex.def on input line 105.
(/usr/share/texlive/texmf-dist/tex/latex/graphics-def/pdftex.def
File: pdftex.def 2018/01/08 v1.0l Graphics/color driver for pdftex
))
\Gin@req@height=\dimen136
\Gin@req@width=\dimen137
)
\c@tnote=\count175
\c@fnote=\count176
\c@cnote=\count177
\c@ead=\count178
\c@author=\count179
\@eadauthor=\toks15
\c@affn=\count180
\absbox=\box45
\elsarticlehighlightsbox=\box46
\elsarticlegrabsbox=\box47
\keybox=\box48
\Columnwidth=\dimen138
\space@left=\dimen139
\els@boxa=\box49
\els@boxb=\box50
\leftMargin=\dimen140
\@enLab=\toks16
\@sep=\skip49
\@@sep=\skip50
(./manuscript_v2.spl) (/usr/share/texlive/texmf-dist/tex/latex/natbib/natbib.st
y
Package: natbib 2010/09/13 8.31b (PWD, AO)
\bibhang=\skip51
\bibsep=\skip52
LaTeX Info: Redefining \cite on input line 694.
\c@NAT@ctr=\count181
)
\splwrite=\write3
\openout3 = `manuscript_v2.spl'.

\appnamewidth=\dimen141
) (/usr/share/texlive/texmf-dist/tex/latex/url/url.sty
\Urlmuskip=\muskip16
Package: url 2013/09/16  ver 3.4  Verb mode for urls, etc.
) (/usr/share/texlive/texmf-dist/tex/latex/lineno/lineno.sty
Package: lineno 2005/11/02 line numbers on paragraphs v4.41
\linenopenalty=\count182
\output=\toks17
\linenoprevgraf=\count183
\linenumbersep=\dimen142
\linenumberwidth=\dimen143
\c@linenumber=\count184
\c@pagewiselinenumber=\count185
\c@LN@truepage=\count186
\c@internallinenumber=\count187
\c@internallinenumbers=\count188
\quotelinenumbersep=\dimen144
\bframerule=\dimen145
\bframesep=\dimen146
\bframebox=\box51
LaTeX Info: Redefining \\ on input line 3056.
) (/usr/share/texlive/texmf-dist/tex/latex/base/fontenc.sty
Package: fontenc 2020/02/11 v2.0o Standard LaTeX package
) (/usr/share/texmf/tex/latex/lm/lmodern.sty
Package: lmodern 2009/10/30 v1.6 Latin Modern Fonts
LaTeX Font Info:    Overwriting symbol font `operators' in version `normal'
(Font)                  OT1/cmr/m/n --> OT1/lmr/m/n on input line 22.
LaTeX Font Info:    Overwriting symbol font `letters' in version `normal'
(Font)                  OML/cmm/m/it --> OML/lmm/m/it on input line 23.
LaTeX Font Info:    Overwriting symbol font `symbols' in version `normal'
(Font)                  OMS/cmsy/m/n --> OMS/lmsy/m/n on input line 24.
LaTeX Font Info:    Overwriting symbol font `largesymbols' in version `normal'
(Font)                  OMX/cmex/m/n --> OMX/lmex/m/n on input line 25.
LaTeX Font Info:    Overwriting symbol font `operators' in version `bold'
(Font)                  OT1/cmr/bx/n --> OT1/lmr/bx/n on input line 26.
LaTeX Font Info:    Overwriting symbol font `letters' in version `bold'
(Font)                  OML/cmm/b/it --> OML/lmm/b/it on input line 27.
LaTeX Font Info:    Overwriting symbol font `symbols' in version `bold'
(Font)                  OMS/cmsy/b/n --> OMS/lmsy/b/n on input line 28.
LaTeX Font Info:    Overwriting symbol font `largesymbols' in version `bold'
(Font)                  OMX/cmex/m/n --> OMX/lmex/m/n on input line 29.
LaTeX Font Info:    Overwriting math alphabet `\mathbf' in version `normal'
(Font)                  OT1/cmr/bx/n --> OT1/lmr/bx/n on input line 31.
LaTeX Font Info:    Overwriting math alphabet `\mathsf' in version `normal'
(Font)                  OT1/cmss/m/n --> OT1/lmss/m/n on input line 32.
LaTeX Font Info:    Overwriting math alphabet `\mathit' in version `normal'
(Font)                  OT1/cmr/m/it --> OT1/lmr/m/it on input line 33.
LaTeX Font Info:    Overwriting math alphabet `\mathtt' in version `normal'
(Font)                  OT1/cmtt/m/n --> OT1/lmtt/m/n on input line 34.
LaTeX Font Info:    Overwriting math alphabet `\mathbf' in version `bold'
(Font)                  OT1/cmr/bx/n --> OT1/lmr/bx/n on input line 35.
LaTeX Font Info:    Overwriting math alphabet `\mathsf' in version `bold'
(Font)                  OT1/cmss/bx/n --> OT1/lmss/bx/n on input line 36.
LaTeX Font Info:    Overwriting math alphabet `\mathit' in version `bold'
(Font)                  OT1/cmr/bx/it --> OT1/lmr/bx/it on input line 37.
LaTeX Font Info:    Overwriting math alphabet `\mathtt' in version `bold'
(Font)                  OT1/cmtt/m/n --> OT1/lmtt/m/n on input line 38.
) (/usr/share/texlive/texmf-dist/tex/latex/amsfonts/amssymb.sty
Package: amssymb 2013/01/14 v3.01 AMS font symbols
(/usr/share/texlive/texmf-dist/tex/latex/amsfonts/amsfonts.sty
Package: amsfonts 2013/01/14 v3.01 Basic AMSFonts support
\@emptytoks=\toks18
\symAMSa=\mathgroup4
\symAMSb=\mathgroup5
LaTeX Font Info:    Redeclaring math symbol \hbar on input line 98.
LaTeX Font Info:    Overwriting math alphabet `\mathfrak' in version `bold'
(Font)                  U/euf/m/n --> U/euf/b/n on input line 106.
)) (/usr/share/texlive/texmf-dist/tex/latex/amsmath/amsmath.sty
Package: amsmath 2020/01/20 v2.17e AMS math features
\@mathmargin=\skip53
For additional information on amsmath, use the `?' option.
(/usr/share/texlive/texmf-dist/tex/latex/amsmath/amstext.sty
Package: amstext 2000/06/29 v2.01 AMS text
(/usr/share/texlive/texmf-dist/tex/latex/amsmath/amsgen.sty
File: amsgen.sty 1999/11/30 v2.0 generic functions
\@emptytoks=\toks19
\ex@=\dimen147
)) (/usr/share/texlive/texmf-dist/tex/latex/amsmath/amsbsy.sty
Package: amsbsy 1999/11/29 v1.2d Bold Symbols
\pmbraise@=\dimen148
) (/usr/share/texlive/texmf-dist/tex/latex/amsmath/amsopn.sty
Package: amsopn 2016/03/08 v2.02 operator names
)
\inf@bad=\count189
LaTeX Info: Redefining \frac on input line 227.
\uproot@=\count190
\leftroot@=\count191
LaTeX Info: Redefining \overline on input line 389.
\classnum@=\count192
\DOTSCASE@=\count193
LaTeX Info: Redefining \ldots on input line 486.
LaTeX Info: Redefining \dots on input line 489.
LaTeX Info: Redefining \cdots on input line 610.
\Mathstrutbox@=\box52
\strutbox@=\box53
\big@size=\dimen149
LaTeX Font Info:    Redeclaring font encoding OML on input line 733.
LaTeX Font Info:    Redeclaring font encoding OMS on input line 734.
\macc@depth=\count194
\c@MaxMatrixCols=\count195
\dotsspace@=\muskip17
\c@parentequation=\count196
\dspbrk@lvl=\count197
\tag@help=\toks20
\row@=\count198
\column@=\count199
\maxfields@=\count266
\andhelp@=\toks21
\eqnshift@=\dimen150
\alignsep@=\dimen151
\tagshift@=\dimen152
\tagwidth@=\dimen153
\totwidth@=\dimen154
\lineht@=\dimen155
\@envbody=\toks22
\multlinegap=\skip54
\multlinetaggap=\skip55
\mathdisplay@stack=\toks23
LaTeX Info: Redefining \[ on input line 2859.
LaTeX Info: Redefining \] on input line 2860.
) (/usr/share/texlive/texmf-dist/tex/generic/iftex/ifxetex.sty
Package: ifxetex 2019/10/25 v0.7 ifxetex legacy package. Use iftex instead.
(/usr/share/texlive/texmf-dist/tex/generic/iftex/iftex.sty
Package: iftex 2019/11/07 v1.0c TeX engine tests
)) (/usr/share/texlive/texmf-dist/tex/generic/iftex/ifluatex.sty
Package: ifluatex 2019/10/25 v1.5 ifluatex legacy package. Use iftex instead.
) (/usr/share/texlive/texmf-dist/tex/latex/base/fixltx2e.sty
Package: fixltx2e 2016/12/29 v2.1a fixes to LaTeX (obsolete)
Applying: [2015/01/01] Old fixltx2e package on input line 46.

Package fixltx2e Warning: fixltx2e is not required with releases after 2015
(fixltx2e)                All fixes are now in the LaTeX kernel.
(fixltx2e)                See the latexrelease package for details.

Already applied: [0000/00/00] Old fixltx2e package on input line 53.
) (/usr/share/texlive/texmf-dist/tex/latex/upquote/upquote.sty
Package: upquote 2012/04/19 v1.3 upright-quote and grave-accent glyphs in verba
tim
(/usr/share/texlive/texmf-dist/tex/latex/base/textcomp.sty
Package: textcomp 2020/02/02 v2.0n Standard LaTeX package
)) (/usr/share/texlive/texmf-dist/tex/latex/base/inputenc.sty
Package: inputenc 2018/08/11 v1.3c Input encoding file
\inpenc@prehook=\toks24
\inpenc@posthook=\toks25
) (/usr/share/texlive/texmf-dist/tex/latex/microtype/microtype.sty
Package: microtype 2019/11/18 v2.7d Micro-typographical refinements (RS)
\MT@toks=\toks26
\MT@count=\count267
LaTeX Info: Redefining \textls on input line 790.
\MT@outer@kern=\dimen156
LaTeX Info: Redefining \textmicrotypecontext on input line 1354.
\MT@listname@count=\count268
(/usr/share/texlive/texmf-dist/tex/latex/microtype/microtype-pdftex.def
File: microtype-pdftex.def 2019/11/18 v2.7d Definitions specific to pdftex (RS)

LaTeX Info: Redefining \lsstyle on input line 914.
LaTeX Info: Redefining \lslig on input line 914.
\MT@outer@space=\skip56
)
Package microtype Info: Loading configuration file microtype.cfg.
(/usr/share/texlive/texmf-dist/tex/latex/microtype/microtype.cfg
File: microtype.cfg 2019/11/18 v2.7d microtype main configuration file (RS)
)) (/usr/share/texlive/texmf-dist/tex/latex/hyperref/hyperref.sty
Package: hyperref 2020/01/14 v7.00d Hypertext links for LaTeX
(/usr/share/texlive/texmf-dist/tex/generic/ltxcmds/ltxcmds.sty
Package: ltxcmds 2019/12/15 v1.24 LaTeX kernel commands for general use (HO)
) (/usr/share/texlive/texmf-dist/tex/latex/pdftexcmds/pdftexcmds.sty
Package: pdftexcmds 2019/11/24 v0.31 Utility functions of pdfTeX for LuaTeX (HO
)
(/usr/share/texlive/texmf-dist/tex/generic/infwarerr/infwarerr.sty
Package: infwarerr 2019/12/03 v1.5 Providing info/warning/error messages (HO)
)
Package pdftexcmds Info: \pdf@primitive is available.
Package pdftexcmds Info: \pdf@ifprimitive is available.
Package pdftexcmds Info: \pdfdraftmode found.
) (/usr/share/texlive/texmf-dist/tex/generic/kvsetkeys/kvsetkeys.sty
Package: kvsetkeys 2019/12/15 v1.18 Key value parser (HO)
) (/usr/share/texlive/texmf-dist/tex/generic/kvdefinekeys/kvdefinekeys.sty
Package: kvdefinekeys 2019-12-19 v1.6 Define keys (HO)
) (/usr/share/texlive/texmf-dist/tex/generic/pdfescape/pdfescape.sty
Package: pdfescape 2019/12/09 v1.15 Implements pdfTeX's escape features (HO)
) (/usr/share/texlive/texmf-dist/tex/latex/hycolor/hycolor.sty
Package: hycolor 2020-01-27 v1.10 Color options for hyperref/bookmark (HO)
) (/usr/share/texlive/texmf-dist/tex/latex/letltxmacro/letltxmacro.sty
Package: letltxmacro 2019/12/03 v1.6 Let assignment for LaTeX macros (HO)
) (/usr/share/texlive/texmf-dist/tex/latex/auxhook/auxhook.sty
Package: auxhook 2019-12-17 v1.6 Hooks for auxiliary files (HO)
) (/usr/share/texlive/texmf-dist/tex/latex/kvoptions/kvoptions.sty
Package: kvoptions 2019/11/29 v3.13 Key value format for package options (HO)
)
\@linkdim=\dimen157
\Hy@linkcounter=\count269
\Hy@pagecounter=\count270
(/usr/share/texlive/texmf-dist/tex/latex/hyperref/pd1enc.def
File: pd1enc.def 2020/01/14 v7.00d Hyperref: PDFDocEncoding definition (HO)
Now handling font encoding PD1 ...
... no UTF-8 mapping file for font encoding PD1
) (/usr/share/texlive/texmf-dist/tex/generic/intcalc/intcalc.sty
Package: intcalc 2019/12/15 v1.3 Expandable calculations with integers (HO)
) (/usr/share/texlive/texmf-dist/tex/generic/etexcmds/etexcmds.sty
Package: etexcmds 2019/12/15 v1.7 Avoid name clashes with e-TeX commands (HO)
)
\Hy@SavedSpaceFactor=\count271
\pdfmajorversion=\count272
Package hyperref Info: Option `unicode' set `true' on input line 4421.
(/usr/share/texlive/texmf-dist/tex/latex/hyperref/puenc.def
File: puenc.def 2020/01/14 v7.00d Hyperref: PDF Unicode definition (HO)
Now handling font encoding PU ...
... no UTF-8 mapping file for font encoding PU
)
Package hyperref Info: Hyper figures OFF on input line 4547.
Package hyperref Info: Link nesting OFF on input line 4552.
Package hyperref Info: Hyper index ON on input line 4555.
Package hyperref Info: Plain pages OFF on input line 4562.
Package hyperref Info: Backreferencing OFF on input line 4567.
Package hyperref Info: Implicit mode ON; LaTeX internals redefined.
Package hyperref Info: Bookmarks ON on input line 4800.
\c@Hy@tempcnt=\count273
LaTeX Info: Redefining \url on input line 5159.
\XeTeXLinkMargin=\dimen158
(/usr/share/texlive/texmf-dist/tex/generic/bitset/bitset.sty
Package: bitset 2019/12/09 v1.3 Handle bit-vector datatype (HO)
(/usr/share/texlive/texmf-dist/tex/generic/bigintcalc/bigintcalc.sty
Package: bigintcalc 2019/12/15 v1.5 Expandable calculations on big integers (HO
)
))
\Fld@menulength=\count274
\Field@Width=\dimen159
\Fld@charsize=\dimen160
Package hyperref Info: Hyper figures OFF on input line 6430.
Package hyperref Info: Link nesting OFF on input line 6435.
Package hyperref Info: Hyper index ON on input line 6438.
Package hyperref Info: backreferencing OFF on input line 6445.
Package hyperref Info: Link coloring OFF on input line 6450.
Package hyperref Info: Link coloring with OCG OFF on input line 6455.
Package hyperref Info: PDF/A mode OFF on input line 6460.
LaTeX Info: Redefining \ref on input line 6500.
LaTeX Info: Redefining \pageref on input line 6504.
(/usr/share/texlive/texmf-dist/tex/generic/atbegshi/atbegshi.sty
Package: atbegshi 2019/12/05 v1.19 At begin shipout hook (HO)
)
\Hy@abspage=\count275
\c@Item=\count276
\c@Hfootnote=\count277
)
Package hyperref Info: Driver (autodetected): hpdftex.
(/usr/share/texlive/texmf-dist/tex/latex/hyperref/hpdftex.def
File: hpdftex.def 2020/01/14 v7.00d Hyperref driver for pdfTeX
(/usr/share/texlive/texmf-dist/tex/latex/atveryend/atveryend.sty
Package: atveryend 2019-12-11 v1.11 Hooks at the very end of document (HO)
Package atveryend Info: \enddocument detected (standard20110627).
)
\Fld@listcount=\count278
\c@bookmark@seq@number=\count279
(/usr/share/texlive/texmf-dist/tex/latex/rerunfilecheck/rerunfilecheck.sty
Package: rerunfilecheck 2019/12/05 v1.9 Rerun checks for auxiliary files (HO)
(/usr/share/texlive/texmf-dist/tex/generic/uniquecounter/uniquecounter.sty
Package: uniquecounter 2019/12/15 v1.4 Provide unlimited unique counter (HO)
)
Package uniquecounter Info: New unique counter `rerunfilecheck' on input line 2
86.
)
\Hy@SectionHShift=\skip57
)
Package hyperref Info: Option `breaklinks' set `true' on input line 50.

Package hyperref Warning: Option `bookmarks' has already been used,
(hyperref)                setting the option has no effect on input line 50.

Package hyperref Info: Option `colorlinks' set `false' on input line 50.
(/usr/share/texlive/texmf-dist/tex/latex/floatrow/floatrow.sty
Package: floatrow 2008/08/02 v0.3b floatrow: float package extension
(/usr/share/texlive/texmf-dist/tex/latex/caption/caption3.sty
Package: caption3 2020/01/03 v1.8h caption3 kernel (AR)
Package caption3 Info: TeX engine: e-TeX on input line 61.
\captionmargin=\dimen161
\captionmargin@=\dimen162
\captionwidth=\dimen163
\caption@tempdima=\dimen164
\caption@indent=\dimen165
\caption@parindent=\dimen166
\caption@hangindent=\dimen167
Package caption Info: elsarticle document class detected.
)
\c@float@type=\count280
\float@exts=\toks27
\float@box=\box54
\@floatcapt=\box55
Package floatrow Info: Modified float package code loaded on input line 455.
Package floatrow Info: Modified rotfloat package code loaded on input line 473.

\FR@everyfloat=\toks28
\flrow@foot=\insert252
\FB@wd=\dimen168
\FBo@wd=\dimen169
\FBc@wd=\dimen170
\FBo@ht=\skip58
\FBc@ht=\skip59
\FBf@ht=\skip60
\FBo@max=\skip61
\FBc@max=\skip62
\FBf@max=\skip63
\c@FBl@b=\count281
\floatbox@depth=\count282
\c@FRobj=\count283
\c@FRsobj=\count284
\Xhsize=\skip64
\sXhsize=\skip65
\Zhsize=\skip66
\sZhsize=\skip67
\flrow@rowbox=\box56
\FR@Zunitlength=\dimen171
\c@FBcnt=\count285
\FPOScnt=\count286
\LTleft=\skip68
\LTright=\skip69
\LTleft=\skip70
\LTright=\skip71
\flrow@types=\toks29
) (/usr/share/texlive/texmf-dist/tex/latex/enumitem/enumitem.sty
Package: enumitem 2019/06/20 v3.9 Customized lists
\labelindent=\skip72
\enit@outerparindent=\dimen172
\enit@toks=\toks30
\enit@inbox=\box57
\enit@count@id=\count287
\enitdp@description=\count288
) (/usr/share/texlive/texmf-dist/tex/latex/psnfss/times.sty
Package: times 2005/04/12 PSNFSS-v9.2a (SPQR) 
) (/usr/share/texlive/texmf-dist/tex/latex/smartdiagram/smartdiagram.sty
Package: smartdiagram 2016/12/23 v0.3b Automatic creation of smart diagrams fro
m lists of items.
(/usr/share/texlive/texmf-dist/tex/latex/pgf/frontendlayer/tikz.sty (/usr/share
/texlive/texmf-dist/tex/latex/pgf/basiclayer/pgf.sty (/usr/share/texlive/texmf-
dist/tex/latex/pgf/utilities/pgfrcs.sty (/usr/share/texlive/texmf-dist/tex/gene
ric/pgf/utilities/pgfutil-common.tex
\pgfutil@everybye=\toks31
\pgfutil@tempdima=\dimen173
\pgfutil@tempdimb=\dimen174

(/usr/share/texlive/texmf-dist/tex/generic/pgf/utilities/pgfutil-common-lists.t
ex)) (/usr/share/texlive/texmf-dist/tex/generic/pgf/utilities/pgfutil-latex.def
\pgfutil@abb=\box58
(/usr/share/texlive/texmf-dist/tex/latex/ms/everyshi.sty
Package: everyshi 2001/05/15 v3.00 EveryShipout Package (MS)
)) (/usr/share/texlive/texmf-dist/tex/generic/pgf/utilities/pgfrcs.code.tex (/u
sr/share/texlive/texmf-dist/tex/generic/pgf/pgf.revision.tex)
Package: pgfrcs 2020/01/08 v3.1.5b (3.1.5b)
))
Package: pgf 2020/01/08 v3.1.5b (3.1.5b)
(/usr/share/texlive/texmf-dist/tex/latex/pgf/basiclayer/pgfcore.sty (/usr/share
/texlive/texmf-dist/tex/latex/pgf/systemlayer/pgfsys.sty (/usr/share/texlive/te
xmf-dist/tex/generic/pgf/systemlayer/pgfsys.code.tex
Package: pgfsys 2020/01/08 v3.1.5b (3.1.5b)
(/usr/share/texlive/texmf-dist/tex/generic/pgf/utilities/pgfkeys.code.tex
\pgfkeys@pathtoks=\toks32
\pgfkeys@temptoks=\toks33

(/usr/share/texlive/texmf-dist/tex/generic/pgf/utilities/pgfkeysfiltered.code.t
ex
\pgfkeys@tmptoks=\toks34
))
\pgf@x=\dimen175
\pgf@y=\dimen176
\pgf@xa=\dimen177
\pgf@ya=\dimen178
\pgf@xb=\dimen179
\pgf@yb=\dimen180
\pgf@xc=\dimen181
\pgf@yc=\dimen182
\pgf@xd=\dimen183
\pgf@yd=\dimen184
\w@pgf@writea=\write4
\r@pgf@reada=\read2
\c@pgf@counta=\count289
\c@pgf@countb=\count290
\c@pgf@countc=\count291
\c@pgf@countd=\count292
\t@pgf@toka=\toks35
\t@pgf@tokb=\toks36
\t@pgf@tokc=\toks37
\pgf@sys@id@count=\count293
(/usr/share/texlive/texmf-dist/tex/generic/pgf/systemlayer/pgf.cfg
File: pgf.cfg 2020/01/08 v3.1.5b (3.1.5b)
)
Driver file for pgf: pgfsys-pdftex.def
(/usr/share/texlive/texmf-dist/tex/generic/pgf/systemlayer/pgfsys-pdftex.def
File: pgfsys-pdftex.def 2020/01/08 v3.1.5b (3.1.5b)

(/usr/share/texlive/texmf-dist/tex/generic/pgf/systemlayer/pgfsys-common-pdf.de
f
File: pgfsys-common-pdf.def 2020/01/08 v3.1.5b (3.1.5b)
)))
(/usr/share/texlive/texmf-dist/tex/generic/pgf/systemlayer/pgfsyssoftpath.code.
tex
File: pgfsyssoftpath.code.tex 2020/01/08 v3.1.5b (3.1.5b)
\pgfsyssoftpath@smallbuffer@items=\count294
\pgfsyssoftpath@bigbuffer@items=\count295
)
(/usr/share/texlive/texmf-dist/tex/generic/pgf/systemlayer/pgfsysprotocol.code.
tex
File: pgfsysprotocol.code.tex 2020/01/08 v3.1.5b (3.1.5b)
)) (/usr/share/texlive/texmf-dist/tex/latex/xcolor/xcolor.sty
Package: xcolor 2016/05/11 v2.12 LaTeX color extensions (UK)
(/usr/share/texlive/texmf-dist/tex/latex/graphics-cfg/color.cfg
File: color.cfg 2016/01/02 v1.6 sample color configuration
)
Package xcolor Info: Driver file: pdftex.def on input line 225.
Package xcolor Info: Model `cmy' substituted by `cmy0' on input line 1348.
Package xcolor Info: Model `hsb' substituted by `rgb' on input line 1352.
Package xcolor Info: Model `RGB' extended on input line 1364.
Package xcolor Info: Model `HTML' substituted by `rgb' on input line 1366.
Package xcolor Info: Model `Hsb' substituted by `hsb' on input line 1367.
Package xcolor Info: Model `tHsb' substituted by `hsb' on input line 1368.
Package xcolor Info: Model `HSB' substituted by `hsb' on input line 1369.
Package xcolor Info: Model `Gray' substituted by `gray' on input line 1370.
Package xcolor Info: Model `wave' substituted by `hsb' on input line 1371.
) (/usr/share/texlive/texmf-dist/tex/generic/pgf/basiclayer/pgfcore.code.tex
Package: pgfcore 2020/01/08 v3.1.5b (3.1.5b)
(/usr/share/texlive/texmf-dist/tex/generic/pgf/math/pgfmath.code.tex (/usr/shar
e/texlive/texmf-dist/tex/generic/pgf/math/pgfmathcalc.code.tex (/usr/share/texl
ive/texmf-dist/tex/generic/pgf/math/pgfmathutil.code.tex) (/usr/share/texlive/t
exmf-dist/tex/generic/pgf/math/pgfmathparser.code.tex
\pgfmath@dimen=\dimen185
\pgfmath@count=\count296
\pgfmath@box=\box59
\pgfmath@toks=\toks38
\pgfmath@stack@operand=\toks39
\pgfmath@stack@operation=\toks40
) (/usr/share/texlive/texmf-dist/tex/generic/pgf/math/pgfmathfunctions.code.tex

(/usr/share/texlive/texmf-dist/tex/generic/pgf/math/pgfmathfunctions.basic.code
.tex)
(/usr/share/texlive/texmf-dist/tex/generic/pgf/math/pgfmathfunctions.trigonomet
ric.code.tex)
(/usr/share/texlive/texmf-dist/tex/generic/pgf/math/pgfmathfunctions.random.cod
e.tex)
(/usr/share/texlive/texmf-dist/tex/generic/pgf/math/pgfmathfunctions.comparison
.code.tex)
(/usr/share/texlive/texmf-dist/tex/generic/pgf/math/pgfmathfunctions.base.code.
tex)
(/usr/share/texlive/texmf-dist/tex/generic/pgf/math/pgfmathfunctions.round.code
.tex)
(/usr/share/texlive/texmf-dist/tex/generic/pgf/math/pgfmathfunctions.misc.code.
tex)
(/usr/share/texlive/texmf-dist/tex/generic/pgf/math/pgfmathfunctions.integerari
thmetics.code.tex))) (/usr/share/texlive/texmf-dist/tex/generic/pgf/math/pgfmat
hfloat.code.tex
\c@pgfmathroundto@lastzeros=\count297
)) (/usr/share/texlive/texmf-dist/tex/generic/pgf/math/pgfint.code.tex)
(/usr/share/texlive/texmf-dist/tex/generic/pgf/basiclayer/pgfcorepoints.code.te
x
File: pgfcorepoints.code.tex 2020/01/08 v3.1.5b (3.1.5b)
\pgf@picminx=\dimen186
\pgf@picmaxx=\dimen187
\pgf@picminy=\dimen188
\pgf@picmaxy=\dimen189
\pgf@pathminx=\dimen190
\pgf@pathmaxx=\dimen191
\pgf@pathminy=\dimen192
\pgf@pathmaxy=\dimen193
\pgf@xx=\dimen194
\pgf@xy=\dimen195
\pgf@yx=\dimen196
\pgf@yy=\dimen197
\pgf@zx=\dimen198
\pgf@zy=\dimen199
)
(/usr/share/texlive/texmf-dist/tex/generic/pgf/basiclayer/pgfcorepathconstruct.
code.tex
File: pgfcorepathconstruct.code.tex 2020/01/08 v3.1.5b (3.1.5b)
\pgf@path@lastx=\dimen256
\pgf@path@lasty=\dimen257
)
(/usr/share/texlive/texmf-dist/tex/generic/pgf/basiclayer/pgfcorepathusage.code
.tex
File: pgfcorepathusage.code.tex 2020/01/08 v3.1.5b (3.1.5b)
\pgf@shorten@end@additional=\dimen258
\pgf@shorten@start@additional=\dimen259
)
(/usr/share/texlive/texmf-dist/tex/generic/pgf/basiclayer/pgfcorescopes.code.te
x
File: pgfcorescopes.code.tex 2020/01/08 v3.1.5b (3.1.5b)
\pgfpic=\box60
\pgf@hbox=\box61
\pgf@layerbox@main=\box62
\pgf@picture@serial@count=\count298
)
(/usr/share/texlive/texmf-dist/tex/generic/pgf/basiclayer/pgfcoregraphicstate.c
ode.tex
File: pgfcoregraphicstate.code.tex 2020/01/08 v3.1.5b (3.1.5b)
\pgflinewidth=\dimen260
)
(/usr/share/texlive/texmf-dist/tex/generic/pgf/basiclayer/pgfcoretransformation
s.code.tex
File: pgfcoretransformations.code.tex 2020/01/08 v3.1.5b (3.1.5b)
\pgf@pt@x=\dimen261
\pgf@pt@y=\dimen262
\pgf@pt@temp=\dimen263
)
(/usr/share/texlive/texmf-dist/tex/generic/pgf/basiclayer/pgfcorequick.code.tex
File: pgfcorequick.code.tex 2020/01/08 v3.1.5b (3.1.5b)
)
(/usr/share/texlive/texmf-dist/tex/generic/pgf/basiclayer/pgfcoreobjects.code.t
ex
File: pgfcoreobjects.code.tex 2020/01/08 v3.1.5b (3.1.5b)
)
(/usr/share/texlive/texmf-dist/tex/generic/pgf/basiclayer/pgfcorepathprocessing
.code.tex
File: pgfcorepathprocessing.code.tex 2020/01/08 v3.1.5b (3.1.5b)
)
(/usr/share/texlive/texmf-dist/tex/generic/pgf/basiclayer/pgfcorearrows.code.te
x
File: pgfcorearrows.code.tex 2020/01/08 v3.1.5b (3.1.5b)
\pgfarrowsep=\dimen264
)
(/usr/share/texlive/texmf-dist/tex/generic/pgf/basiclayer/pgfcoreshade.code.tex
File: pgfcoreshade.code.tex 2020/01/08 v3.1.5b (3.1.5b)
\pgf@max=\dimen265
\pgf@sys@shading@range@num=\count299
\pgf@shadingcount=\count300
)
(/usr/share/texlive/texmf-dist/tex/generic/pgf/basiclayer/pgfcoreimage.code.tex
File: pgfcoreimage.code.tex 2020/01/08 v3.1.5b (3.1.5b)

(/usr/share/texlive/texmf-dist/tex/generic/pgf/basiclayer/pgfcoreexternal.code.
tex
File: pgfcoreexternal.code.tex 2020/01/08 v3.1.5b (3.1.5b)
\pgfexternal@startupbox=\box63
))
(/usr/share/texlive/texmf-dist/tex/generic/pgf/basiclayer/pgfcorelayers.code.te
x
File: pgfcorelayers.code.tex 2020/01/08 v3.1.5b (3.1.5b)
)
(/usr/share/texlive/texmf-dist/tex/generic/pgf/basiclayer/pgfcoretransparency.c
ode.tex
File: pgfcoretransparency.code.tex 2020/01/08 v3.1.5b (3.1.5b)
)
(/usr/share/texlive/texmf-dist/tex/generic/pgf/basiclayer/pgfcorepatterns.code.
tex
File: pgfcorepatterns.code.tex 2020/01/08 v3.1.5b (3.1.5b)
) (/usr/share/texlive/texmf-dist/tex/generic/pgf/basiclayer/pgfcorerdf.code.tex
File: pgfcorerdf.code.tex 2020/01/08 v3.1.5b (3.1.5b)
)))
(/usr/share/texlive/texmf-dist/tex/generic/pgf/modules/pgfmoduleshapes.code.tex
File: pgfmoduleshapes.code.tex 2020/01/08 v3.1.5b (3.1.5b)
\pgfnodeparttextbox=\box64
) (/usr/share/texlive/texmf-dist/tex/generic/pgf/modules/pgfmoduleplot.code.tex
File: pgfmoduleplot.code.tex 2020/01/08 v3.1.5b (3.1.5b)
)
(/usr/share/texlive/texmf-dist/tex/latex/pgf/compatibility/pgfcomp-version-0-65
.sty
Package: pgfcomp-version-0-65 2020/01/08 v3.1.5b (3.1.5b)
\pgf@nodesepstart=\dimen266
\pgf@nodesepend=\dimen267
)
(/usr/share/texlive/texmf-dist/tex/latex/pgf/compatibility/pgfcomp-version-1-18
.sty
Package: pgfcomp-version-1-18 2020/01/08 v3.1.5b (3.1.5b)
)) (/usr/share/texlive/texmf-dist/tex/latex/pgf/utilities/pgffor.sty (/usr/shar
e/texlive/texmf-dist/tex/latex/pgf/utilities/pgfkeys.sty (/usr/share/texlive/te
xmf-dist/tex/generic/pgf/utilities/pgfkeys.code.tex)) (/usr/share/texlive/texmf
-dist/tex/latex/pgf/math/pgfmath.sty (/usr/share/texlive/texmf-dist/tex/generic
/pgf/math/pgfmath.code.tex)) (/usr/share/texlive/texmf-dist/tex/generic/pgf/uti
lities/pgffor.code.tex
Package: pgffor 2020/01/08 v3.1.5b (3.1.5b)
(/usr/share/texlive/texmf-dist/tex/generic/pgf/math/pgfmath.code.tex)
\pgffor@iter=\dimen268
\pgffor@skip=\dimen269
\pgffor@stack=\toks41
\pgffor@toks=\toks42
))
(/usr/share/texlive/texmf-dist/tex/generic/pgf/frontendlayer/tikz/tikz.code.tex
Package: tikz 2020/01/08 v3.1.5b (3.1.5b)

(/usr/share/texlive/texmf-dist/tex/generic/pgf/libraries/pgflibraryplothandlers
.code.tex
File: pgflibraryplothandlers.code.tex 2020/01/08 v3.1.5b (3.1.5b)
\pgf@plot@mark@count=\count301
\pgfplotmarksize=\dimen270
)
\tikz@lastx=\dimen271
\tikz@lasty=\dimen272
\tikz@lastxsaved=\dimen273
\tikz@lastysaved=\dimen274
\tikz@lastmovetox=\dimen275
\tikz@lastmovetoy=\dimen276
\tikzleveldistance=\dimen277
\tikzsiblingdistance=\dimen278
\tikz@figbox=\box65
\tikz@figbox@bg=\box66
\tikz@tempbox=\box67
\tikz@tempbox@bg=\box68
\tikztreelevel=\count302
\tikznumberofchildren=\count303
\tikznumberofcurrentchild=\count304
\tikz@fig@count=\count305

(/usr/share/texlive/texmf-dist/tex/generic/pgf/modules/pgfmodulematrix.code.tex
File: pgfmodulematrix.code.tex 2020/01/08 v3.1.5b (3.1.5b)
\pgfmatrixcurrentrow=\count306
\pgfmatrixcurrentcolumn=\count307
\pgf@matrix@numberofcolumns=\count308
)
\tikz@expandcount=\count309

(/usr/share/texlive/texmf-dist/tex/generic/pgf/frontendlayer/tikz/libraries/tik
zlibrarytopaths.code.tex
File: tikzlibrarytopaths.code.tex 2020/01/08 v3.1.5b (3.1.5b)
))) (/usr/share/texlive/texmf-dist/tex/latex/etoolbox/etoolbox.sty
Package: etoolbox 2019/09/21 v2.5h e-TeX tools for LaTeX (JAW)
\etb@tempcnta=\count310
) (/usr/share/texlive/texmf-dist/tex/latex/l3packages/xparse/xparse.sty (/usr/s
hare/texlive/texmf-dist/tex/latex/l3kernel/expl3.sty
Package: expl3 2020-02-14 L3 programming layer (loader) 
(/usr/share/texlive/texmf-dist/tex/latex/l3backend/l3backend-pdfmode.def
File: l3backend-pdfmode.def 2020-02-03 L3 backend support: PDF mode
\l__kernel_color_stack_int=\count311
\l__pdf_internal_box=\box69
))
Package: xparse 2020-02-14 L3 Experimental document command parser
\l__xparse_current_arg_int=\count312
\g__xparse_grabber_int=\count313
\l__xparse_m_args_int=\count314
\l__xparse_v_nesting_int=\count315
) (/usr/share/texlive/texmf-dist/tex/generic/xstring/xstring.sty (/usr/share/te
xlive/texmf-dist/tex/generic/xstring/xstring.tex
\integerpart=\count316
\decimalpart=\count317
)
Package: xstring 2019/02/06 v1.83 String manipulations (CT)
)
(/usr/share/texlive/texmf-dist/tex/generic/pgf/frontendlayer/tikz/libraries/tik
zlibrarybackgrounds.code.tex
File: tikzlibrarybackgrounds.code.tex 2020/01/08 v3.1.5b (3.1.5b)
\pgf@layerbox@background=\box70
\pgf@layerboxsaved@background=\box71
)
(/usr/share/texlive/texmf-dist/tex/generic/pgf/frontendlayer/tikz/libraries/tik
zlibrarycalc.code.tex
File: tikzlibrarycalc.code.tex 2020/01/08 v3.1.5b (3.1.5b)
)
(/usr/share/texlive/texmf-dist/tex/generic/pgf/frontendlayer/tikz/libraries/tik
zlibraryfadings.code.tex
File: tikzlibraryfadings.code.tex 2020/01/08 v3.1.5b (3.1.5b)

(/usr/share/texlive/texmf-dist/tex/generic/pgf/libraries/pgflibraryfadings.code
.tex
File: pgflibraryfadings.code.tex 2020/01/08 v3.1.5b (3.1.5b)
))
(/usr/share/texlive/texmf-dist/tex/generic/pgf/frontendlayer/tikz/libraries/tik
zlibraryshadows.code.tex
File: tikzlibraryshadows.code.tex 2020/01/08 v3.1.5b (3.1.5b)
)
(/usr/share/texlive/texmf-dist/tex/generic/pgf/frontendlayer/tikz/libraries/tik
zlibraryshapes.arrows.code.tex
File: tikzlibraryshapes.arrows.code.tex 2020/01/08 v3.1.5b (3.1.5b)

(/usr/share/texlive/texmf-dist/tex/generic/pgf/libraries/shapes/pgflibraryshape
s.arrows.code.tex
File: pgflibraryshapes.arrows.code.tex 2020/01/08 v3.1.5b (3.1.5b)
))
(/usr/share/texlive/texmf-dist/tex/generic/pgf/frontendlayer/tikz/libraries/tik
zlibraryshapes.symbols.code.tex
File: tikzlibraryshapes.symbols.code.tex 2020/01/08 v3.1.5b (3.1.5b)

(/usr/share/texlive/texmf-dist/tex/generic/pgf/libraries/shapes/pgflibraryshape
s.symbols.code.tex
File: pgflibraryshapes.symbols.code.tex 2020/01/08 v3.1.5b (3.1.5b)
))
\pgf@layerbox@smart diagram arrow back=\box72
\pgf@layerboxsaved@smart diagram arrow back=\box73

(/usr/share/texlive/texmf-dist/tex/latex/smartdiagram/smartdiagramlibrarycore.d
efinitions.code.tex)
(/usr/share/texlive/texmf-dist/tex/latex/smartdiagram/smartdiagramlibrarycore.s
tyles.code.tex)
(/usr/share/texlive/texmf-dist/tex/latex/smartdiagram/smartdiagramlibrarycore.c
ommands.code.tex)) (/usr/share/texlive/texmf-dist/tex/latex/ragged2e/ragged2e.s
ty
Package: ragged2e 2019/07/28 v2.2 ragged2e Package (MS)
(/usr/share/texlive/texmf-dist/tex/latex/ms/everysel.sty
Package: everysel 2011/10/28 v1.2 EverySelectfont Package (MS)
)
\CenteringLeftskip=\skip73
\RaggedLeftLeftskip=\skip74
\RaggedRightLeftskip=\skip75
\CenteringRightskip=\skip76
\RaggedLeftRightskip=\skip77
\RaggedRightRightskip=\skip78
\CenteringParfillskip=\skip79
\RaggedLeftParfillskip=\skip80
\RaggedRightParfillskip=\skip81
\JustifyingParfillskip=\skip82
\CenteringParindent=\skip83
\RaggedLeftParindent=\skip84
\RaggedRightParindent=\skip85
\JustifyingParindent=\skip86
) (/usr/share/texlive/texmf-dist/tex/latex/base/fontenc.sty
Package: fontenc 2020/02/11 v2.0o Standard LaTeX package
LaTeX Font Info:    Trying to load font information for T1+ptm on input line 11
2.
(/usr/share/texlive/texmf-dist/tex/latex/psnfss/t1ptm.fd
File: t1ptm.fd 2001/06/04 font definitions for T1/ptm.
)) (./sty/langsci-gb4e.sty

LaTeX Warning: You have requested package `./sty/langsci-gb4e',
               but the package provides `langsci-gb4e'.

Package: langsci-gb4e 2020/01/01
\c@fnx=\count318
\@xnumdepth=\count319
\c@xnumi=\count320
\c@xnumii=\count321
\c@xnumiii=\count322
\c@xnumiv=\count323
\c@rxnumi=\count324
\c@rxnumii=\count325
\c@rxnumiii=\count326
\c@rxnumiv=\count327
\footexindent=\skip87
\gltoffset=\skip88
\lineone=\box74
\linetwo=\box75
\linethree=\box76
\linefour=\box77
\linefive=\box78
\linesix=\box79
\lineseven=\box80
\lineeight=\box81
\wordone=\box82
\wordtwo=\box83
\wordthree=\box84
\wordfour=\box85
\wordfive=\box86
\wordsix=\box87
\wordseven=\box88
\wordeight=\box89
\gline=\box90
\glossglue=\skip89
\jamwidth=\dimen279
) (/usr/share/texlive/texmf-dist/tex/latex/caption/caption.sty
Package: caption 2020/01/03 v3.4h Customizing captions (AR)
\c@caption@flags=\count328
\c@continuedfloat=\count329
Package caption Info: float package is loaded.
Package caption Info: floatrow package is loaded.
Package caption Info: hyperref package is loaded.
) (/usr/share/texlive/texmf-dist/tex/latex/tools/multicol.sty
Package: multicol 2019/12/09 v1.8y multicolumn formatting (FMi)
\c@tracingmulticols=\count330
\mult@box=\box91
\multicol@leftmargin=\dimen280
\c@unbalance=\count331
\c@collectmore=\count332
\doublecol@number=\count333
\multicoltolerance=\count334
\multicolpretolerance=\count335
\full@width=\dimen281
\page@free=\dimen282
\premulticols=\dimen283
\postmulticols=\dimen284
\multicolsep=\skip90
\multicolbaselineskip=\skip91
\partial@page=\box92
\last@line=\box93
\maxbalancingoverflow=\dimen285
\mult@rightbox=\box94
\mult@grightbox=\box95
\mult@gfirstbox=\box96
\mult@firstbox=\box97
\@tempa=\box98
\@tempa=\box99
\@tempa=\box100
\@tempa=\box101
\@tempa=\box102
\@tempa=\box103
\@tempa=\box104
\@tempa=\box105
\@tempa=\box106
\@tempa=\box107
\@tempa=\box108
\@tempa=\box109
\@tempa=\box110
\@tempa=\box111
\@tempa=\box112
\@tempa=\box113
\@tempa=\box114
\@tempa=\box115
\@tempa=\box116
\@tempa=\box117
\@tempa=\box118
\@tempa=\box119
\@tempa=\box120
\@tempa=\box121
\@tempa=\box122
\@tempa=\box123
\@tempa=\box124
\@tempa=\box125
\@tempa=\box126
\@tempa=\box127
\@tempa=\box128
\@tempa=\box129
\@tempa=\box130
\@tempa=\box131
\@tempa=\box132
\@tempa=\box133
\@tempa=\box134
\c@minrows=\count336
\c@columnbadness=\count337
\c@finalcolumnbadness=\count338
\last@try=\dimen286
\multicolovershoot=\dimen287
\multicolundershoot=\dimen288
\mult@nat@firstbox=\box135
\colbreak@box=\box136
\mc@col@check@num=\count339
) (/usr/share/texlive/texmf-dist/tex/latex/setspace/setspace.sty
Package: setspace 2011/12/19 v6.7a set line spacing
) (/usr/share/texlive/texmf-dist/tex/latex/booktabs/booktabs.sty
Package: booktabs 2020/01/12 v1.61803398 Publication quality tables
\heavyrulewidth=\dimen289
\lightrulewidth=\dimen290
\cmidrulewidth=\dimen291
\belowrulesep=\dimen292
\belowbottomsep=\dimen293
\aboverulesep=\dimen294
\abovetopsep=\dimen295
\cmidrulesep=\dimen296
\cmidrulekern=\dimen297
\defaultaddspace=\dimen298
\@cmidla=\count340
\@cmidlb=\count341
\@aboverulesep=\dimen299
\@belowrulesep=\dimen300
\@thisruleclass=\count342
\@lastruleclass=\count343
\@thisrulewidth=\dimen301
) (/usr/share/texlive/texmf-dist/tex/latex/tools/longtable.sty
Package: longtable 2020/01/07 v4.13 Multi-page Table package (DPC)
\LTleft=\skip92
\LTright=\skip93
\LTpre=\skip94
\LTpost=\skip95
\LTchunksize=\count344
\LTcapwidth=\dimen302
\LT@head=\box137
\LT@firsthead=\box138
\LT@foot=\box139
\LT@lastfoot=\box140
\LT@cols=\count345
\LT@rows=\count346
\c@LT@tables=\count347
\c@LT@chunks=\count348
\LT@p@ftn=\toks43
) (/usr/share/texlive/texmf-dist/tex/latex/tools/array.sty
Package: array 2019/08/31 v2.4l Tabular extension package (FMi)
\col@sep=\dimen303
\ar@mcellbox=\box141
\extrarowheight=\dimen304
\NC@list=\toks44
\extratabsurround=\skip96
\backup@length=\skip97
\ar@cellbox=\box142
) (/usr/share/texlive/texmf-dist/tex/latex/multirow/multirow.sty
Package: multirow 2019/05/31 v2.5 Span multiple rows of a table
\multirow@colwidth=\skip98
\multirow@cntb=\count349
\multirow@dima=\skip99
\bigstrutjot=\dimen305
) (/usr/share/texlive/texmf-dist/tex/latex/wrapfig/wrapfig.sty
\wrapoverhang=\dimen306
\WF@size=\dimen307
\c@WF@wrappedlines=\count350
\WF@box=\box143
\WF@everypar=\toks45
Package: wrapfig 2003/01/31  v 3.6
) (/usr/share/texlive/texmf-dist/tex/latex/colortbl/colortbl.sty
Package: colortbl 2020/01/04 v1.0e Color table columns (DPC)
\everycr=\toks46
\minrowclearance=\skip100
) (/usr/share/texlive/texmf-dist/tex/latex/pdflscape/pdflscape.sty
Package: pdflscape 2019/12/05 v0.12 Display of landscape pages in PDF (HO)
(/usr/share/texlive/texmf-dist/tex/latex/graphics/lscape.sty
Package: lscape 2000/10/22 v3.01 Landscape Pages (DPC)
)
Package pdflscape Info: Auto-detected driver: pdftex on input line 81.
) (/usr/share/texlive/texmf-dist/tex/latex/tabu/tabu.sty
Package: tabu 2019/01/11 v2.9 - flexible LaTeX tabulars (FC+tabu-fixed) + inter
mediate FMi
(/usr/share/texlive/texmf-dist/tex/latex/varwidth/varwidth.sty
Package: varwidth 2009/03/30 ver 0.92;  Variable-width minipages
\@vwid@box=\box144
\sift@deathcycles=\count351
\@vwid@loff=\dimen308
\@vwid@roff=\dimen309
)
\c@taburow=\count352
\tabu@nbcols=\count353
\tabu@cnt=\count354
\tabu@Xcol=\count355
\tabu@alloc=\count356
\tabu@nested=\count357
\tabu@target=\dimen310
\tabu@spreadtarget=\dimen311
\tabu@naturalX=\dimen312
\tabucolX=\dimen313
\tabu@Xsum=\dimen314
\extrarowdepth=\dimen315
\abovetabulinesep=\dimen316
\belowtabulinesep=\dimen317
\tabustrutrule=\dimen318
\tabu@thebody=\toks47
\tabu@footnotes=\toks48
\tabu@box=\box145
\tabu@arstrutbox=\box146
\tabu@hleads=\box147
\tabu@vleads=\box148
\tabu@cellskip=\skip101
) (/usr/share/texlive/texmf-dist/tex/latex/threeparttable/threeparttable.sty
Package: threeparttable 2003/06/13  v 3.0
\@tempboxb=\box149
) (/usr/share/texlive/texmf-dist/tex/latex/threeparttablex/threeparttablex.sty
Package: threeparttablex 2013/07/23 v0.3 by daleif
(/usr/share/texlive/texmf-dist/tex/latex/environ/environ.sty
Package: environ 2014/05/04 v0.3 A new way to define environments
(/usr/share/texlive/texmf-dist/tex/latex/trimspaces/trimspaces.sty
Package: trimspaces 2009/09/17 v1.1 Trim spaces around a token list
))
\TPTL@width=\skip102
) (/usr/share/texlive/texmf-dist/tex/generic/ulem/ulem.sty
\UL@box=\box150
\UL@hyphenbox=\box151
\UL@skip=\skip103
\UL@hook=\toks49
\UL@height=\dimen319
\UL@pe=\count358
\UL@pixel=\dimen320
\ULC@box=\box152
Package: ulem 2019/11/18
\ULdepth=\dimen321
) (/usr/share/texlive/texmf-dist/tex/latex/makecell/makecell.sty
Package: makecell 2009/08/03 V0.1e Managing of Tab Column Heads and Cells
\rotheadsize=\dimen322
\c@nlinenum=\count359
\TeXr@lab=\toks50
) (./manuscript_v2.aux)
\openout1 = `manuscript_v2.aux'.

LaTeX Font Info:    Checking defaults for OML/cmm/m/it on input line 100.
LaTeX Font Info:    ... okay on input line 100.
LaTeX Font Info:    Checking defaults for OMS/cmsy/m/n on input line 100.
LaTeX Font Info:    ... okay on input line 100.
LaTeX Font Info:    Checking defaults for OT1/cmr/m/n on input line 100.
LaTeX Font Info:    ... okay on input line 100.
LaTeX Font Info:    Checking defaults for T1/cmr/m/n on input line 100.
LaTeX Font Info:    ... okay on input line 100.
LaTeX Font Info:    Checking defaults for TS1/cmr/m/n on input line 100.
LaTeX Font Info:    ... okay on input line 100.
LaTeX Font Info:    Checking defaults for OMX/cmex/m/n on input line 100.
LaTeX Font Info:    ... okay on input line 100.
LaTeX Font Info:    Checking defaults for U/cmr/m/n on input line 100.
LaTeX Font Info:    ... okay on input line 100.
LaTeX Font Info:    Checking defaults for PD1/pdf/m/n on input line 100.
LaTeX Font Info:    ... okay on input line 100.
LaTeX Font Info:    Checking defaults for PU/pdf/m/n on input line 100.
LaTeX Font Info:    ... okay on input line 100.
(/usr/share/texlive/texmf-dist/tex/context/base/mkii/supp-pdf.mkii
[Loading MPS to PDF converter (version 2006.09.02).]
\scratchcounter=\count360
\scratchdimen=\dimen323
\scratchbox=\box153
\nofMPsegments=\count361
\nofMParguments=\count362
\everyMPshowfont=\toks51
\MPscratchCnt=\count363
\MPscratchDim=\dimen324
\MPnumerator=\count364
\makeMPintoPDFobject=\count365
\everyMPtoPDFconversion=\toks52
) (/usr/share/texlive/texmf-dist/tex/latex/epstopdf-pkg/epstopdf-base.sty
Package: epstopdf-base 2020-01-24 v2.11 Base part for package epstopdf
Package epstopdf-base Info: Redefining graphics rule for `.eps' on input line 4
85.
(/usr/share/texlive/texmf-dist/tex/latex/latexconfig/epstopdf-sys.cfg
File: epstopdf-sys.cfg 2010/07/13 v1.3 Configuration of (r)epstopdf for TeX Liv
e
))
LaTeX Info: Redefining \microtypecontext on input line 100.
Package microtype Info: Generating PDF output.
Package microtype Info: Character protrusion enabled (level 2).
Package microtype Info: Using default protrusion set `alltext'.
Package microtype Info: Automatic font expansion enabled (level 2),
(microtype)             stretch: 20, shrink: 20, step: 1, non-selected.
Package microtype Info: Using default expansion set `basictext'.
LaTeX Info: Redefining \showhyphens on input line 100.
Package microtype Info: No adjustment of tracking.
Package microtype Info: No adjustment of interword spacing.
Package microtype Info: No adjustment of character kerning.
(/usr/share/texlive/texmf-dist/tex/latex/microtype/mt-ptm.cfg
File: mt-ptm.cfg 2006/04/20 v1.7 microtype config. file: Times (RS)
)
\AtBeginShipoutBox=\box154
Package hyperref Info: Link coloring OFF on input line 100.
(/usr/share/texlive/texmf-dist/tex/latex/hyperref/nameref.sty
Package: nameref 2019/09/16 v2.46 Cross-referencing by name of section
(/usr/share/texlive/texmf-dist/tex/latex/refcount/refcount.sty
Package: refcount 2019/12/15 v3.6 Data extraction from label references (HO)
) (/usr/share/texlive/texmf-dist/tex/generic/gettitlestring/gettitlestring.sty
Package: gettitlestring 2019/12/15 v1.6 Cleanup title references (HO)
)
\c@section@level=\count366
)
LaTeX Info: Redefining \ref on input line 100.
LaTeX Info: Redefining \pageref on input line 100.
LaTeX Info: Redefining \nameref on input line 100.
(./manuscript_v2.out) (./manuscript_v2.out)
\@outlinefile=\write5
\openout5 = `manuscript_v2.out'.

Package caption Info: Begin \AtBeginDocument code.
Package caption Info: longtable package is loaded.
(/usr/share/texlive/texmf-dist/tex/latex/caption/ltcaption.sty
Package: ltcaption 2018/08/26 v1.4a longtable captions (AR)
)
Package caption Info: Fixing longtable code of `floatrow' package.
Package caption Info: threeparttable package is loaded.
Package caption Info: wrapfig package is loaded.
Package caption Info: End \AtBeginDocument code.
(/usr/share/texlive/texmf-dist/tex/latex/floatrow/fr-longtable.sty
Package: fr-longtable 2007/11/28 v0.1b (beta) floatrow: additions for longtable

\flrow@LT@lasthead=\box155
\flrow@LT@prelastfoot=\box156
\c@FBLTpage=\count367
) ABD: EveryShipout initializing macros ABD: EverySelectfont initializing macro
s
LaTeX Info: Redefining \selectfont on input line 100.
LaTeX Font Info:    Trying to load font information for OT1+lmr on input line 1
33.
(/usr/share/texmf/tex/latex/lm/ot1lmr.fd
File: ot1lmr.fd 2009/10/30 v1.6 Font defs for Latin Modern
) (/usr/share/texlive/texmf-dist/tex/latex/microtype/mt-cmr.cfg
File: mt-cmr.cfg 2013/05/19 v2.2 microtype config. file: Computer Modern Roman 
(RS)
)
LaTeX Font Info:    Trying to load font information for OML+lmm on input line 1
33.
(/usr/share/texmf/tex/latex/lm/omllmm.fd
File: omllmm.fd 2009/10/30 v1.6 Font defs for Latin Modern
)
LaTeX Font Info:    Trying to load font information for OMS+lmsy on input line 
133.
(/usr/share/texmf/tex/latex/lm/omslmsy.fd
File: omslmsy.fd 2009/10/30 v1.6 Font defs for Latin Modern
)
LaTeX Font Info:    Trying to load font information for OMX+lmex on input line 
133.
(/usr/share/texmf/tex/latex/lm/omxlmex.fd
File: omxlmex.fd 2009/10/30 v1.6 Font defs for Latin Modern
)
LaTeX Font Info:    External font `lmex10' loaded for size
(Font)              <8> on input line 133.
LaTeX Font Info:    External font `lmex10' loaded for size
(Font)              <6> on input line 133.
LaTeX Font Info:    External font `lmex10' loaded for size
(Font)              <5> on input line 133.
LaTeX Font Info:    Trying to load font information for U+msa on input line 133
.
(/usr/share/texlive/texmf-dist/tex/latex/amsfonts/umsa.fd
File: umsa.fd 2013/01/14 v3.01 AMS symbols A
) (/usr/share/texlive/texmf-dist/tex/latex/microtype/mt-msa.cfg
File: mt-msa.cfg 2006/02/04 v1.1 microtype config. file: AMS symbols (a) (RS)
)
LaTeX Font Info:    Trying to load font information for U+msb on input line 133
.
(/usr/share/texlive/texmf-dist/tex/latex/amsfonts/umsb.fd
File: umsb.fd 2013/01/14 v3.01 AMS symbols B
) (/usr/share/texlive/texmf-dist/tex/latex/microtype/mt-msb.cfg
File: mt-msb.cfg 2005/06/01 v1.0 microtype config. file: AMS symbols (b) (RS)
)
LaTeX Font Info:    External font `lmex10' loaded for size
(Font)              <10> on input line 136.
LaTeX Font Info:    External font `lmex10' loaded for size
(Font)              <7> on input line 136.

Overfull \hbox (1.90002pt too wide) has occurred while \output is active
[] 
 []

[1


{/var/lib/texmf/fonts/map/pdftex/updmap/pdftex.map}] [2] [3]
Underfull \hbox (badness 10000) in paragraph at lines 239--243

 []

[4]
Underfull \hbox (badness 10000) in paragraph at lines 303--306

 []


Underfull \hbox (badness 10000) in paragraph at lines 313--315

 []

[5]
<pictures/flathand.png, id=257, 70.2625pt x 70.2625pt>
File: pictures/flathand.png Graphic file (type png)
<use pictures/flathand.png>
Package pdftex.def Info: pictures/flathand.png  used on input line 362.
(pdftex.def)             Requested size: 25.0pt x 24.99963pt.
<pictures/flat.png, id=259, 70.2625pt x 70.2625pt>
File: pictures/flat.png Graphic file (type png)
<use pictures/flat.png>
Package pdftex.def Info: pictures/flat.png  used on input line 363.
(pdftex.def)             Requested size: 25.0pt x 24.99963pt.
<pictures/small_legged.png, id=260, 70.2625pt x 70.2625pt>
File: pictures/small_legged.png Graphic file (type png)
<use pictures/small_legged.png>
Package pdftex.def Info: pictures/small_legged.png  used on input line 364.
(pdftex.def)             Requested size: 25.0pt x 24.99963pt.
<pictures/index.png, id=261, 70.2625pt x 70.2625pt>
File: pictures/index.png Graphic file (type png)
<use pictures/index.png>
Package pdftex.def Info: pictures/index.png  used on input line 365.
(pdftex.def)             Requested size: 25.0pt x 24.99963pt.
<pictures/hold.png, id=262, 70.2625pt x 70.2625pt>
File: pictures/hold.png Graphic file (type png)
<use pictures/hold.png>
Package pdftex.def Info: pictures/hold.png  used on input line 366.
(pdftex.def)             Requested size: 25.0pt x 24.99963pt.

Underfull \hbox (badness 10000) in paragraph at lines 379--383

 []


Underfull \hbox (badness 10000) in paragraph at lines 379--383

 []

[6 <./pictures/flathand.png> <./pictures/flat.png> <./pictures/small_legged.png
> <./pictures/index.png> <./pictures/hold.png>]
Underfull \hbox (badness 10000) in paragraph at lines 384--387

 []

[7]
<pictures/1a_1.png, id=288, 200.75pt x 200.75pt>
File: pictures/1a_1.png Graphic file (type png)
<use pictures/1a_1.png>
Package pdftex.def Info: pictures/1a_1.png  used on input line 411.
(pdftex.def)             Requested size: 50.0pt x 50.00052pt.
<pictures/1c_2.png, id=290, 266.9975pt x 268.00125pt>
File: pictures/1c_2.png Graphic file (type png)
<use pictures/1c_2.png>
Package pdftex.def Info: pictures/1c_2.png  used on input line 413.
(pdftex.def)             Requested size: 50.0pt x 50.18468pt.
<pictures/1c_1.png, id=291, 256.96pt x 256.96pt>
File: pictures/1c_1.png Graphic file (type png)
<use pictures/1c_1.png>
Package pdftex.def Info: pictures/1c_1.png  used on input line 413.
(pdftex.def)             Requested size: 50.0pt x 49.99916pt.
<pictures/1b_1.png, id=292, 200.75pt x 200.75pt>
File: pictures/1b_1.png Graphic file (type png)
<use pictures/1b_1.png>
Package pdftex.def Info: pictures/1b_1.png  used on input line 415.
(pdftex.def)             Requested size: 50.0pt x 50.00052pt.
<pictures/1b_2.png, id=293, 200.75pt x 200.75pt>
File: pictures/1b_2.png Graphic file (type png)
<use pictures/1b_2.png>
Package pdftex.def Info: pictures/1b_2.png  used on input line 415.
(pdftex.def)             Requested size: 50.0pt x 50.00052pt.
<pictures/1b_3.png, id=294, 200.75pt x 200.75pt>
File: pictures/1b_3.png Graphic file (type png)
<use pictures/1b_3.png>
Package pdftex.def Info: pictures/1b_3.png  used on input line 415.
(pdftex.def)             Requested size: 50.0pt x 50.00052pt.
<pictures/1d_1.png, id=295, 200.75pt x 200.75pt>
File: pictures/1d_1.png Graphic file (type png)
<use pictures/1d_1.png>
Package pdftex.def Info: pictures/1d_1.png  used on input line 417.
(pdftex.def)             Requested size: 50.0pt x 50.00052pt.
<pictures/1d_2.png, id=296, 200.75pt x 200.75pt>
File: pictures/1d_2.png Graphic file (type png)
<use pictures/1d_2.png>
Package pdftex.def Info: pictures/1d_2.png  used on input line 417.
(pdftex.def)             Requested size: 50.0pt x 50.00052pt.
<pictures/2_1.png, id=297, 200.75pt x 200.75pt>
File: pictures/2_1.png Graphic file (type png)
<use pictures/2_1.png>
Package pdftex.def Info: pictures/2_1.png  used on input line 423.
(pdftex.def)             Requested size: 50.0pt x 50.00052pt.
<pictures/2_2.png, id=298, 200.75pt x 200.75pt>
File: pictures/2_2.png Graphic file (type png)
<use pictures/2_2.png>
Package pdftex.def Info: pictures/2_2.png  used on input line 423.
(pdftex.def)             Requested size: 50.0pt x 50.00052pt.
<pictures/3e.png, id=299, 200.75pt x 200.75pt>
File: pictures/3e.png Graphic file (type png)
<use pictures/3e.png>
Package pdftex.def Info: pictures/3e.png  used on input line 430.
(pdftex.def)             Requested size: 50.0pt x 50.00052pt.
<pictures/3b.png, id=300, 367.3725pt x 367.3725pt>
File: pictures/3b.png Graphic file (type png)
<use pictures/3b.png>
Package pdftex.def Info: pictures/3b.png  used on input line 432.
(pdftex.def)             Requested size: 50.0pt x 49.99675pt.
<pictures/3c.png, id=301, 200.75pt x 200.75pt>
File: pictures/3c.png Graphic file (type png)
<use pictures/3c.png>
Package pdftex.def Info: pictures/3c.png  used on input line 434.
(pdftex.def)             Requested size: 50.0pt x 50.00052pt.
<pictures/3d_1.png, id=302, 200.75pt x 200.75pt>
File: pictures/3d_1.png Graphic file (type png)
<use pictures/3d_1.png>
Package pdftex.def Info: pictures/3d_1.png  used on input line 436.
(pdftex.def)             Requested size: 50.0pt x 50.00052pt.
<pictures/3a.png, id=303, 200.75pt x 200.75pt>
File: pictures/3a.png Graphic file (type png)
<use pictures/3a.png>
Package pdftex.def Info: pictures/3a.png  used on input line 436.
(pdftex.def)             Requested size: 50.0pt x 50.00052pt.

Underfull \hbox (badness 10000) in paragraph at lines 435--437

 []

<pictures/4c.png, id=304, 200.75pt x 200.75pt>
File: pictures/4c.png Graphic file (type png)
<use pictures/4c.png>
Package pdftex.def Info: pictures/4c.png  used on input line 445.
(pdftex.def)             Requested size: 50.0pt x 50.00052pt.
<pictures/4a_2.png, id=305, 200.75pt x 200.75pt>
File: pictures/4a_2.png Graphic file (type png)
<use pictures/4a_2.png>
Package pdftex.def Info: pictures/4a_2.png  used on input line 448.
(pdftex.def)             Requested size: 50.0pt x 50.00052pt.
<pictures/4b_1.png, id=306, 309.155pt x 309.155pt>
File: pictures/4b_1.png Graphic file (type png)
<use pictures/4b_1.png>
Package pdftex.def Info: pictures/4b_1.png  used on input line 452.
(pdftex.def)             Requested size: 50.0pt x 49.99886pt.
<pictures/4b_2.png, id=307, 323.2075pt x 323.2075pt>
File: pictures/4b_2.png Graphic file (type png)
<use pictures/4b_2.png>
Package pdftex.def Info: pictures/4b_2.png  used on input line 452.
(pdftex.def)             Requested size: 50.0pt x 49.998pt.
[8

 <./pictures/1a_1.png> <./pictures/1c_2.png> <./pictures/1c_1.png> <./pictures/
1b_1.png> <./pictures/1b_2.png> <./pictures/1b_3.png> <./pictures/1d_1.png> <./
pictures/1d_2.png> <./pictures/2_1.png> <./pictures/2_2.png> <./pictures/3e.png
> <./pictures/3b.png> <./pictures/3c.png> <./pictures/3d_1.png> <./pictures/3a.
png> <./pictures/4c.png> <./pictures/4a_2.png> <./pictures/4b_1.png> <./picture
s/4b_2.png>] [9] [10] [11] [12] [13] [14] [15]
Underfull \hbox (badness 8075) in paragraph at lines 780--781
[]|\T1/ptm/m/n/8 (+20) A sub-ject ref-er-ent con-tin-ued
 []


Underfull \hbox (badness 1721) in paragraph at lines 784--785
[]|\T1/ptm/m/n/8 (+20) Borrowed nouns from Turk-ish
 []


Underfull \hbox (badness 3128) in paragraph at lines 790--791
[]|\T1/ptm/m/n/8 (+20) A mul-ti-func-tional con-struc-tion
 []

[16] [17] [18] [19]
LaTeX Font Info:    External font `lmex10' loaded for size
(Font)              <9> on input line 936.
[20] [21]
<manuscript_v2_files/figure-latex/count-plot-1.pdf, id=520, 335.2525pt x 226.84
75pt>
File: manuscript_v2_files/figure-latex/count-plot-1.pdf Graphic file (type pdf)

<use manuscript_v2_files/figure-latex/count-plot-1.pdf>
Package pdftex.def Info: manuscript_v2_files/figure-latex/count-plot-1.pdf  use
d on input line 1032.
(pdftex.def)             Requested size: 335.25168pt x 226.84694pt.
[22 <./manuscript_v2_files/figure-latex/count-plot-1.pdf>]
LaTeX Font Info:    Trying to load font information for T1+pcr on input line 10
58.
(/usr/share/texlive/texmf-dist/tex/latex/psnfss/t1pcr.fd
File: t1pcr.fd 2001/06/04 font definitions for T1/pcr.
)
Package microtype Info: Loading generic protrusion settings for font family
(microtype)             `pcr' (encoding: T1).
(microtype)             For optimal results, create family-specific settings.
(microtype)             See the microtype manual for details.
<manuscript_v2_files/figure-latex/model-gram-1.pdf, id=538, 281.05pt x 172.645p
t>
File: manuscript_v2_files/figure-latex/model-gram-1.pdf Graphic file (type pdf)

<use manuscript_v2_files/figure-latex/model-gram-1.pdf>
Package pdftex.def Info: manuscript_v2_files/figure-latex/model-gram-1.pdf  use
d on input line 1064.
(pdftex.def)             Requested size: 281.0493pt x 172.64456pt.
[23 <./manuscript_v2_files/figure-latex/model-gram-1.pdf>] [24] [25] [26] [27] 
[28] [29] [30] [31] [32

] [33


]
<manuscript_v2_files/figure-latex/model-camera-1.pdf, id=665, 281.05pt x 221.82
875pt>
File: manuscript_v2_files/figure-latex/model-camera-1.pdf Graphic file (type pd
f)
<use manuscript_v2_files/figure-latex/model-camera-1.pdf>
Package pdftex.def Info: manuscript_v2_files/figure-latex/model-camera-1.pdf  u
sed on input line 1740.
(pdftex.def)             Requested size: 281.0493pt x 221.82819pt.
[34


 <./manuscript_v2_files/figure-latex/model-camera-1.pdf>] [35

] (./manuscript_v2.bbl
Underfull \hbox (badness 2837) in paragraph at lines 81--87
\T1/ptm/m/n/8 (+20) sign lan-guage learn-ers.  \T1/ptm/m/it/8 (+20) In-ter-na-t
ional Jour-nal of Bilin-gual-ism\T1/ptm/m/n/8 (+20) , 19(5):608--624, 10 2015.
 []

[36

]
Underfull \hbox (badness 7433) in paragraph at lines 164--169
[]\T1/ptm/m/n/8 (+20) O. Cras-born and H. Sloet-jes.  En-hanced elan func-tion-
al-ity for sign lan-guage cor-
 []


Underfull \hbox (badness 10000) in paragraph at lines 164--169
\T1/ptm/m/n/8 (+20) pora.  \T1/ptm/m/it/8 (+20) un-de-fined\T1/ptm/m/n/8 (+20) 
, 2008.  URL []$\T1/pcr/m/n/8 https : / / www . semanticscholar . org / paper /

 []


Underfull \hbox (badness 10000) in paragraph at lines 164--169
\T1/pcr/m/n/8 Enhanced -[] ELAN -[] functionality -[] for -[] sign -[] language
 -[] Crasborn -[] Sloetjes /
 []

[37]
Underfull \hbox (badness 2913) in paragraph at lines 277--287
[]\T1/ptm/m/n/8 (+20) Maya Hick-mann, Hen-ritte Hen-driks, Franoise Roland, a
nd James Liang.  The mark-
 []


Underfull \hbox (badness 3250) in paragraph at lines 277--287
\T1/ptm/m/n/8 (+20) ing of new in-for-ma-tion in chil-dren's nar-ra-tives: a co
m-par-i-son of en-glish, french, ger-
 []


Underfull \hbox (badness 1127) in paragraph at lines 277--287
\T1/ptm/m/n/8 (+20) man and man-darin chi-nese*.  \T1/ptm/m/it/8 (+20) Jour-nal
 of Child Lan-guage\T1/ptm/m/n/8 (+20) , 23(3):591--619, 10 1996.  doi:
 []


Underfull \hbox (badness 2318) in paragraph at lines 277--287
\T1/ptm/m/n/8 (+20) 10 . 1017 / S0305000900008965$.  URL []$\T1/pcr/m/n/8 https
 : / / www . cambridge . org / core / journals /
 []


Underfull \hbox (badness 10000) in paragraph at lines 277--287
\T1/pcr/m/n/8 journal -[] of -[] child -[] language / article / marking -[] of 
-[] new -[] information -[] in -[]
 []


Underfull \hbox (badness 10000) in paragraph at lines 277--287
\T1/pcr/m/n/8 childrens -[] narratives -[] a -[] comparison -[] of -[] english 
-[] french -[] german -[] and -[]
 []


Underfull \hbox (badness 1178) in paragraph at lines 277--287
\T1/pcr/m/n/8 mandarin -[] chinese / 2C7F97C14D7F84CAEE34D61FB325C851$[]\T1/ptm
/m/n/8 (+20) .  Pub-lisher: Cam-bridge
 []


Underfull \hbox (badness 3989) in paragraph at lines 363--370
[]\T1/ptm/m/n/8 (+20) Gary Mor-gan.  \T1/ptm/m/it/8 (+20) The de-vel-op-ment of
 nar-ra-tive skills in British Sign Lan-guage\T1/ptm/m/n/8 (+20) .  Ox-
 []


Underfull \hbox (badness 1092) in paragraph at lines 363--370
\T1/ptm/m/n/8 (+20) ford Uni-ver-sity Press, 10 2005.  URL []$\T1/pcr/m/n/8 htt
p : / / www . oxfordscholarship . com / view /
 []


Underfull \hbox (badness 6032) in paragraph at lines 372--380
[]\T1/ptm/m/n/8 (+20) Elissa L. New-port.  Mat-u-ra-tional con-straints on lan-
guage learn-ing.  \T1/ptm/m/it/8 (+20) Cog-ni-tive Sci-
 []


Underfull \hbox (badness 10000) in paragraph at lines 372--380
\T1/ptm/m/it/8 (+20) ence\T1/ptm/m/n/8 (+20) , 14(1):11--28, 1990.  doi: $10 . 
1207 / s15516709cog1401 _ 2$.  URL []$\T1/pcr/m/n/8 https : / /
 []


Underfull \hbox (badness 10000) in paragraph at lines 372--380
\T1/pcr/m/n/8 onlinelibrary . wiley . com / doi / abs / 10 . 1207 / s15516709co
g1401 _ 2$[]\T1/ptm/m/n/8 (+20) .  _eprint:
 []

[38]
Underfull \hbox (badness 2318) in paragraph at lines 496--505
\T1/ptm/m/n/8 (+20) 10 . 1017 / S0272263100007488$.  URL []$\T1/pcr/m/n/8 https
 : / / www . cambridge . org / core / journals /
 []


Underfull \hbox (badness 10000) in paragraph at lines 496--505
\T1/pcr/m/n/8 studies -[] in -[] second -[] language -[] acquisition / article 
/ zero -[] anaphora -[] in -[]
 []


Underfull \hbox (badness 10000) in paragraph at lines 496--505
\T1/pcr/m/n/8 second -[] language -[] acquisition -[] a -[] comparison -[] amon
g -[] three -[] varieties -[] of -[]
 []

[39]) [40]
Package atveryend Info: Empty hook `BeforeClearDocument' on input line 1806.
Package atveryend Info: Empty hook `AfterLastShipout' on input line 1806.
(./manuscript_v2.aux)
Package atveryend Info: Executing hook `AtVeryEndDocument' on input line 1806.
Package atveryend Info: Executing hook `AtEndAfterFileList' on input line 1806.

Package rerunfilecheck Info: File `manuscript_v2.out' has not changed.
(rerunfilecheck)             Checksum: E68E8BA885F5383F60604E99D3CCE646;4312.
Package atveryend Info: Empty hook `AtVeryVeryEnd' on input line 1806.
 ) 
Here is how much of TeX's memory you used:
 29474 strings out of 481239
 522879 string characters out of 5920376
 811490 words of memory out of 5000000
 43507 multiletter control sequences out of 15000+600000
 628873 words of font info for 351 fonts, out of 8000000 for 9000
 1141 hyphenation exceptions out of 8191
 68i,13n,76p,939b,799s stack positions out of 5000i,500n,10000p,200000b,80000s
pdfTeX warning (dest): name{Hfootnote.10} has been referenced but does not ex
ist, replaced by a fixed one

pdfTeX warning (dest): name{Hfootnote.9} has been referenced but does not exist
, replaced by a fixed one

pdfTeX warning (dest): name{Hfootnote.8} has been referenced but does not exist
, replaced by a fixed one

pdfTeX warning (dest): name{Hfootnote.7} has been referenced but does not exist
, replaced by a fixed one

pdfTeX warning (dest): name{Hfootnote.6} has been referenced but does not exist
, replaced by a fixed one

pdfTeX warning (dest): name{Hfootnote.5} has been referenced but does not exist
, replaced by a fixed one

pdfTeX warning (dest): name{Hfootnote.4} has been referenced but does not exist
, replaced by a fixed one

pdfTeX warning (dest): name{Hfootnote.3} has been referenced but does not exist
, replaced by a fixed one

pdfTeX warning (dest): name{Hfootnote.2} has been referenced but does not exist
, replaced by a fixed one

pdfTeX warning (dest): name{Hfootnote.1} has been referenced but does not exist
, replaced by a fixed one

{/usr/share/texlive/texmf-dist/fonts/enc/dvips/base/8r.enc}{/usr/share/texmf/fo
nts/enc/dvips/lm/lm-rm.enc}{/usr/share/texmf/fonts/enc/dvips/lm/lm-mathsy.enc}<
/usr/share/texmf/fonts/type1/public/lm/lmr7.pfb></usr/share/texmf/fonts/type1/p
ublic/lm/lmsy10.pfb></usr/share/texmf/fonts/type1/public/lm/lmsy6.pfb></usr/sha
re/texlive/texmf-dist/fonts/type1/urw/courier/ucrr8a.pfb></usr/share/texlive/te
xmf-dist/fonts/type1/urw/times/utmb8a.pfb></usr/share/texlive/texmf-dist/fonts/
type1/urw/times/utmr8a.pfb></usr/share/texlive/texmf-dist/fonts/type1/urw/times
/utmri8a.pfb>
Output written on manuscript_v2.pdf (40 pages, 8041055 bytes).
PDF statistics:
 844 PDF objects out of 1000 (max. 8388607)
 712 compressed objects within 8 object streams
 208 named destinations out of 1000 (max. 500000)
 39368 words of extra memory for PDF output out of 42996 (max. 10000000)

